{
  "stats": {
    "suites": 1,
    "tests": 3,
    "passes": 3,
    "pending": 0,
    "failures": 0,
    "start": "2023-07-21T01:53:26.806Z",
    "end": "2023-07-21T01:53:32.909Z",
    "duration": 6103,
    "testsRegistered": 3,
    "passPercent": 100,
    "pendingPercent": 0,
    "other": 0,
    "hasOther": false,
    "skipped": 0,
    "hasSkipped": false
  },
  "results": [
    {
      "uuid": "8dd33ef3-6292-4d8f-8784-7b2d8bc522ed",
      "title": "",
      "fullFile": "cypress/e2e/web/web.cy.js",
      "file": "cypress/e2e/web/web.cy.js",
      "beforeHooks": [],
      "afterHooks": [],
      "tests": [],
      "suites": [
        {
          "uuid": "62b5619b-9637-4dec-ac34-3e8f0f4e916e",
          "title": "BankBug",
          "fullFile": "",
          "file": "",
          "beforeHooks": [],
          "afterHooks": [],
          "tests": [
            {
              "title": "Register accounts with amount",
              "fullTitle": "BankBug Register accounts with amount",
              "timedOut": null,
              "duration": 2751,
              "state": "passed",
              "speed": "fast",
              "pass": true,
              "fail": false,
              "pending": false,
              "context": null,
              "code": "cy.registerAccount(_userDataUtils.web.email1, _userDataUtils.web.name1, _userDataUtils.web.password);\ncy.validateRegister();",
              "err": {},
              "uuid": "bd780091-cdfc-4590-bf3b-a86dee81c287",
              "parentUUID": "62b5619b-9637-4dec-ac34-3e8f0f4e916e",
              "isHook": false,
              "skipped": false
            },
            {
              "title": "Transfer between accounts",
              "fullTitle": "BankBug Transfer between accounts",
              "timedOut": null,
              "duration": 1960,
              "state": "passed",
              "speed": "fast",
              "pass": true,
              "fail": false,
              "pending": false,
              "context": null,
              "code": "const valueToTranfer = 100;\ncy.login(_userDataUtils.web.userRegistered, _userDataUtils.web.password);\ncy.transferToAccount(_userDataUtils.web.userToTransfer, _userDataUtils.web.userRegistered, valueToTranfer);\ncy.validateTransfer();\ncy.validateAmount(_userDataUtils.web.userToTransfer, _userDataUtils.web.userRegistered, valueToTranfer);",
              "err": {},
              "uuid": "ef0aa1f5-6d57-44c2-a410-66248c9e3613",
              "parentUUID": "62b5619b-9637-4dec-ac34-3e8f0f4e916e",
              "isHook": false,
              "skipped": false
            },
            {
              "title": "account logout",
              "fullTitle": "BankBug account logout",
              "timedOut": null,
              "duration": 1330,
              "state": "passed",
              "speed": "fast",
              "pass": true,
              "fail": false,
              "pending": false,
              "context": null,
              "code": "cy.login(_userDataUtils.web.userRegistered, _userDataUtils.web.password);\ncy.logout();\ncy.validateLogout();",
              "err": {},
              "uuid": "45b17fb2-e9f1-41ae-989f-607f687bb456",
              "parentUUID": "62b5619b-9637-4dec-ac34-3e8f0f4e916e",
              "isHook": false,
              "skipped": false
            }
          ],
          "suites": [],
          "passes": [
            "bd780091-cdfc-4590-bf3b-a86dee81c287",
            "ef0aa1f5-6d57-44c2-a410-66248c9e3613",
            "45b17fb2-e9f1-41ae-989f-607f687bb456"
          ],
          "failures": [],
          "pending": [],
          "skipped": [],
          "duration": 6041,
          "root": false,
          "rootEmpty": false,
          "_timeout": 2000
        }
      ],
      "passes": [],
      "failures": [],
      "pending": [],
      "skipped": [],
      "duration": 0,
      "root": true,
      "rootEmpty": true,
      "_timeout": 2000
    }
  ],
  "meta": {
    "mocha": {
      "version": "7.0.1"
    },
    "mochawesome": {
      "options": {
        "quiet": false,
        "reportFilename": "mochawesome",
        "saveHtml": false,
        "saveJson": true,
        "consoleReporter": "spec",
        "useInlineDiffs": false,
        "code": true
      },
      "version": "7.1.3"
    },
    "marge": {
      "options": {
        "overwrite": false,
        "html": false,
        "json": true
      },
      "version": "6.2.0"
    }
  }
}