{
  "stats": {
    "suites": 1,
    "tests": 7,
    "passes": 7,
    "pending": 0,
    "failures": 0,
    "start": "2023-07-21T00:33:58.228Z",
    "end": "2023-07-21T00:33:59.832Z",
    "duration": 1604,
    "testsRegistered": 7,
    "passPercent": 100,
    "pendingPercent": 0,
    "other": 0,
    "hasOther": false,
    "skipped": 0,
    "hasSkipped": false
  },
  "results": [
    {
      "uuid": "c9e7201c-e84d-499d-af25-b49cd12d1d4f",
      "title": "",
      "fullFile": "cypress\\e2e\\api\\api.cy.js",
      "file": "cypress\\e2e\\api\\api.cy.js",
      "beforeHooks": [],
      "afterHooks": [],
      "tests": [],
      "suites": [
        {
          "uuid": "f194d5f6-9c29-4f9e-a91a-6ecfc4493a9a",
          "title": "USER INTEGRATION TEST - POST/GET/PUT/DELETE",
          "fullFile": "",
          "file": "",
          "beforeHooks": [],
          "afterHooks": [],
          "tests": [
            {
              "title": "Should create a new user",
              "fullTitle": "USER INTEGRATION TEST - POST/GET/PUT/DELETE Should create a new user",
              "timedOut": null,
              "duration": 416,
              "state": "passed",
              "speed": "fast",
              "pass": true,
              "fail": false,
              "pending": false,
              "context": null,
              "code": "cy.postUser(user).should(function (response) {\n  expect(response.status).to.eq(201);\n  expect(response.body).to.contain({\n    message: \"Cadastro realizado com sucesso\"\n  });\n  idUser = response.body._id;\n  expect(response.body._id).to.not.equal(null);\n});",
              "err": {},
              "uuid": "371ba6e6-0e35-4526-ad29-e4ba42a2f11b",
              "parentUUID": "f194d5f6-9c29-4f9e-a91a-6ecfc4493a9a",
              "isHook": false,
              "skipped": false
            },
            {
              "title": "Should list user by ID",
              "fullTitle": "USER INTEGRATION TEST - POST/GET/PUT/DELETE Should list user by ID",
              "timedOut": null,
              "duration": 190,
              "state": "passed",
              "speed": "fast",
              "pass": true,
              "fail": false,
              "pending": false,
              "context": null,
              "code": "cy.getUser(\"_id\", idUser).should(function (response) {\n  expect(response.status).to.eq(200);\n});",
              "err": {},
              "uuid": "e686efe1-0680-41aa-be0e-97781afe8529",
              "parentUUID": "f194d5f6-9c29-4f9e-a91a-6ecfc4493a9a",
              "isHook": false,
              "skipped": false
            },
            {
              "title": "Should list user by Name",
              "fullTitle": "USER INTEGRATION TEST - POST/GET/PUT/DELETE Should list user by Name",
              "timedOut": null,
              "duration": 188,
              "state": "passed",
              "speed": "fast",
              "pass": true,
              "fail": false,
              "pending": false,
              "context": null,
              "code": "cy.getUser(\"nome\", user.nome).should(function (response) {\n  expect(response.status).to.eq(200);\n});",
              "err": {},
              "uuid": "2d6d3dd0-6049-49ad-a7e3-51487364d82a",
              "parentUUID": "f194d5f6-9c29-4f9e-a91a-6ecfc4493a9a",
              "isHook": false,
              "skipped": false
            },
            {
              "title": "Should list user by Email",
              "fullTitle": "USER INTEGRATION TEST - POST/GET/PUT/DELETE Should list user by Email",
              "timedOut": null,
              "duration": 192,
              "state": "passed",
              "speed": "fast",
              "pass": true,
              "fail": false,
              "pending": false,
              "context": null,
              "code": "cy.getUser(\"email\", user.email).should(function (response) {\n  expect(response.status).to.eq(200);\n});",
              "err": {},
              "uuid": "fcdee610-1721-4744-9b11-1921d1ea8dac",
              "parentUUID": "f194d5f6-9c29-4f9e-a91a-6ecfc4493a9a",
              "isHook": false,
              "skipped": false
            },
            {
              "title": "Should retrieve a user by ID",
              "fullTitle": "USER INTEGRATION TEST - POST/GET/PUT/DELETE Should retrieve a user by ID",
              "timedOut": null,
              "duration": 201,
              "state": "passed",
              "speed": "fast",
              "pass": true,
              "fail": false,
              "pending": false,
              "context": null,
              "code": "cy.getUserId(idUser).should(function (response) {\n  expect(response.status).to.eq(200);\n  expect(response.body).to.have.keys(\"administrador\", \"email\", \"nome\", \"password\", \"_id\");\n});",
              "err": {},
              "uuid": "fb4ebf7d-4621-419d-9f03-b58cd55fb4d4",
              "parentUUID": "f194d5f6-9c29-4f9e-a91a-6ecfc4493a9a",
              "isHook": false,
              "skipped": false
            },
            {
              "title": "Should update a user",
              "fullTitle": "USER INTEGRATION TEST - POST/GET/PUT/DELETE Should update a user",
              "timedOut": null,
              "duration": 199,
              "state": "passed",
              "speed": "fast",
              "pass": true,
              "fail": false,
              "pending": false,
              "context": null,
              "code": "cy.updateUser(idUser, newUser).should(function (response) {\n  expect(response.status).to.eq(200);\n  expect(response.body.message).to.equal(\"Registro alterado com sucesso\");\n});",
              "err": {},
              "uuid": "3158486d-d6bf-477b-9bd4-8ca0ec6a1e90",
              "parentUUID": "f194d5f6-9c29-4f9e-a91a-6ecfc4493a9a",
              "isHook": false,
              "skipped": false
            },
            {
              "title": "Should delete a user",
              "fullTitle": "USER INTEGRATION TEST - POST/GET/PUT/DELETE Should delete a user",
              "timedOut": null,
              "duration": 191,
              "state": "passed",
              "speed": "fast",
              "pass": true,
              "fail": false,
              "pending": false,
              "context": null,
              "code": "cy.deleteUser(idUser).should(function (response) {\n  expect(response.status).to.eq(200);\n  expect(response.body).to.contain({\n    message: \"Registro excluído com sucesso\"\n  });\n});",
              "err": {},
              "uuid": "4084a19a-5d82-4068-86bd-a8ad565df75b",
              "parentUUID": "f194d5f6-9c29-4f9e-a91a-6ecfc4493a9a",
              "isHook": false,
              "skipped": false
            }
          ],
          "suites": [],
          "passes": [
            "371ba6e6-0e35-4526-ad29-e4ba42a2f11b",
            "e686efe1-0680-41aa-be0e-97781afe8529",
            "2d6d3dd0-6049-49ad-a7e3-51487364d82a",
            "fcdee610-1721-4744-9b11-1921d1ea8dac",
            "fb4ebf7d-4621-419d-9f03-b58cd55fb4d4",
            "3158486d-d6bf-477b-9bd4-8ca0ec6a1e90",
            "4084a19a-5d82-4068-86bd-a8ad565df75b"
          ],
          "failures": [],
          "pending": [],
          "skipped": [],
          "duration": 1577,
          "root": false,
          "rootEmpty": false,
          "_timeout": 2000
        }
      ],
      "passes": [],
      "failures": [],
      "pending": [],
      "skipped": [],
      "duration": 0,
      "root": true,
      "rootEmpty": true,
      "_timeout": 2000
    }
  ],
  "meta": {
    "mocha": {
      "version": "7.0.1"
    },
    "mochawesome": {
      "options": {
        "quiet": false,
        "reportFilename": "mochawesome",
        "saveHtml": true,
        "saveJson": true,
        "consoleReporter": "spec",
        "useInlineDiffs": false,
        "code": true
      },
      "version": "7.1.3"
    },
    "marge": {
      "options": null,
      "version": "6.2.0"
    }
  }
}